DEBUG: cpu_level=2, tbl=0x62aa145d0360, op_smalltbl_1_ff=0x62aa145d5800
DEBUG: tbl[0]: handler=0x62aa1442f790 specific=0 opcode=0x0
DEBUG: sizeof(struct cputbl)=12, sizeof(cpuop_func*)=8
DEBUG: tbl[0] raw bytes: 90 f7 42 14 aa 62 00 00 00 00 00 00 e0 f7 42 14
DEBUG: tbl[452] opcode=0x2100 -> cpufunctbl[0x0021] = 0x62aa14445160
DEBUG: tbl[924] opcode=0x4efa -> cpufunctbl[0xfa4e] = 0x62aa14459400
DEBUG: Filled 1802 opcodes from op_smalltbl
DEBUG: cpu_level=2, tbl=0x62aa145d0360, op_smalltbl_1_ff=0x62aa145d5800
DEBUG: tbl[0]: handler=0x62aa1442f790 specific=0 opcode=0x0
DEBUG: sizeof(struct cputbl)=12, sizeof(cpuop_func*)=8
DEBUG: tbl[0] raw bytes: 90 f7 42 14 aa 62 00 00 00 00 00 00 e0 f7 42 14
DEBUG: tbl[452] opcode=0x2100 -> cpufunctbl[0x0021] = 0x62aa14445160
DEBUG: tbl[924] opcode=0x4efa -> cpufunctbl[0xfa4e] = 0x62aa14459400
DEBUG: Filled 1802 opcodes from op_smalltbl
[CPU trace enabled: instructions 0-50]
[00000] 0200002A 4EFA | 00000000 00000000 00000000 00000000 00000000 00000000 00000000 00000000 | 00000000 00000000 00000000 00000000 00000000 00000000 00000000 00002000 | 0000 00000
[00001] 0200008C 7103 | 00000000 00000000 00000000 00000000 00000000 00000000 00000000 00000000 | 00000000 00000000 00000000 00000000 00000000 00000000 00000000 00002000 | 0000 00000
[00002] 0200008E 4EF9 | 0000773F 00000000 CC000505 00000000 00000000 00000000 00000000 00000000 | 0200337C 0200374C 00000000 00000000 00000000 00000000 01FFFFE4 00010000 | 2700 00000
[00003] 020000BA 48E7 | 0000773F 00000000 CC000505 00000000 00000000 00000000 00000000 00000000 | 0200337C 0200374C 00000000 00000000 00000000 00000000 01FFFFE4 00010000 | 2700 00000
[00004] 020000BE 4DFA | 0000773F 00000000 CC000505 00000000 00000000 00000000 00000000 00000000 | 0200337C 0200374C 00000000 00000000 00000000 00000000 01FFFFE4 0000FFEC | 2700 00000
[00005] 020000C2 4E71 | 0000773F 00000000 CC000505 00000000 00000000 00000000 00000000 00000000 | 0200337C 0200374C 00000000 00000000 00000000 00000000 020000C6 0000FFEC | 2700 00000
[00006] 020000C4 4E71 | 0000773F 00000000 CC000505 00000000 00000000 00000000 00000000 00000000 | 0200337C 0200374C 00000000 00000000 00000000 00000000 020000C6 0000FFEC | 2700 00000
[00007] 020000C6 4E71 | 0000773F 00000000 CC000505 00000000 00000000 00000000 00000000 00000000 | 0200337C 0200374C 00000000 00000000 00000000 00000000 020000C6 0000FFEC | 2700 00000
[00008] 020000C8 4E71 | 0000773F 00000000 CC000505 00000000 00000000 00000000 00000000 00000000 | 0200337C 0200374C 00000000 00000000 00000000 00000000 020000C6 0000FFEC | 2700 00000
[00009] 020000CA 4E71 | 0000773F 00000000 CC000505 00000000 00000000 00000000 00000000 00000000 | 0200337C 0200374C 00000000 00000000 00000000 00000000 020000C6 0000FFEC | 2700 00000
[00010] 020000CC 4E71 | 0000773F 00000000 CC000505 00000000 00000000 00000000 00000000 00000000 | 0200337C 0200374C 00000000 00000000 00000000 00000000 020000C6 0000FFEC | 2700 00000
[00011] 020000CE 4E71 | 0000773F 00000000 CC000505 00000000 00000000 00000000 00000000 00000000 | 0200337C 0200374C 00000000 00000000 00000000 00000000 020000C6 0000FFEC | 2700 00000
[00012] 020000D0 4E71 | 0000773F 00000000 CC000505 00000000 00000000 00000000 00000000 00000000 | 0200337C 0200374C 00000000 00000000 00000000 00000000 020000C6 0000FFEC | 2700 00000
[00013] 020000D2 4E71 | 0000773F 00000000 CC000505 00000000 00000000 00000000 00000000 00000000 | 0200337C 0200374C 00000000 00000000 00000000 00000000 020000C6 0000FFEC | 2700 00000
[00014] 020000D4 4E71 | 0000773F 00000000 CC000505 00000000 00000000 00000000 00000000 00000000 | 0200337C 0200374C 00000000 00000000 00000000 00000000 020000C6 0000FFEC | 2700 00000
[00015] 020000D6 4E71 | 0000773F 00000000 CC000505 00000000 00000000 00000000 00000000 00000000 | 0200337C 0200374C 00000000 00000000 00000000 00000000 020000C6 0000FFEC | 2700 00000
[00016] 020000D8 4E71 | 0000773F 00000000 CC000505 00000000 00000000 00000000 00000000 00000000 | 0200337C 0200374C 00000000 00000000 00000000 00000000 020000C6 0000FFEC | 2700 00000
[00017] 020000DA 4E71 | 0000773F 00000000 CC000505 00000000 00000000 00000000 00000000 00000000 | 0200337C 0200374C 00000000 00000000 00000000 00000000 020000C6 0000FFEC | 2700 00000
[00018] 020000DC 4E71 | 0000773F 00000000 CC000505 00000000 00000000 00000000 00000000 00000000 | 0200337C 0200374C 00000000 00000000 00000000 00000000 020000C6 0000FFEC | 2700 00000
[00019] 020000DE 4E71 | 0000773F 00000000 CC000505 00000000 00000000 00000000 00000000 00000000 | 0200337C 0200374C 00000000 00000000 00000000 00000000 020000C6 0000FFEC | 2700 00000
[00020] 020000E0 4E71 | 0000773F 00000000 CC000505 00000000 00000000 00000000 00000000 00000000 | 0200337C 0200374C 00000000 00000000 00000000 00000000 020000C6 0000FFEC | 2700 00000
[00021] 020000E2 4E71 | 0000773F 00000000 CC000505 00000000 00000000 00000000 00000000 00000000 | 0200337C 0200374C 00000000 00000000 00000000 00000000 020000C6 0000FFEC | 2700 00000
[00022] 020000E4 48E7 | 0000773F 00000000 CC000505 00000000 00000000 00000000 00000000 00000000 | 0200337C 0200374C 00000000 00000000 00000000 00000000 020000C6 0000FFEC | 2700 00000
[00023] 020000E8 4DFA | 0000773F 00000000 CC000505 00000000 00000000 00000000 00000000 00000000 | 0200337C 0200374C 00000000 00000000 00000000 00000000 020000C6 0000FFD0 | 2700 00000
[00024] 020000EC 4BF9 | 0000773F 00000000 CC000505 00000000 00000000 00000000 00000000 00000000 | 0200337C 0200374C 00000000 00000000 00000000 00000000 020000F6 0000FFD0 | 2700 00000
[00025] 020000F2 4EFB | 0000773F 00000000 CC000505 00000000 00000000 00000000 00000000 00000000 | 0200337C 0200374C 00000000 00000000 00000000 0000B190 020000F6 0000FFD0 | 2700 00000
[00026] 0200B27C 45F9 | 0000773F 00000000 CC000505 00000000 00000000 00000000 00000000 00000000 | 0200337C 0200374C 00000000 00000000 00000000 0000B190 020000F6 0000FFD0 | 2700 00000
[00027] 0200B282 4EFB | 0000773F 00000000 CC000505 00000000 00000000 00000000 00000000 00000000 | 0200337C 0200374C 00009FF8 00000000 00000000 0000B190 020000F6 0000FFD0 | 2700 00000
[00028] 02015274 2268 | 0000773F 00000000 CC000505 00000000 00000000 00000000 00000000 00000000 | 0200337C 0200374C 00009FF8 00000000 00000000 0000B190 020000F6 0000FFD0 | 2700 00000
[00029] 02015278 0201 | 0000773F 00000000 CC000505 00000000 00000000 00000000 00000000 00000000 | 0200337C 7B300000 00009FF8 00000000 00000000 0000B190 020000F6 0000FFD0 | 2700 00000
[00030] 0201527C 0C01 | 0000773F 00000000 CC000505 00000000 00000000 00000000 00000000 00000000 | 0200337C 7B300000 00009FF8 00000000 00000000 0000B190 020000F6 0000FFD0 | 2700 00000
[00031] 02015280 6600 | 0000773F 00000000 CC000505 00000000 00000000 00000000 00000000 00000000 | 0200337C 7B300000 00009FF8 00000000 00000000 0000B190 020000F6 0000FFD0 | 2700 00000
[00032] 020152FA 45F9 | 0000773F 00000000 CC000505 00000000 00000000 00000000 00000000 00000000 | 0200337C 7B300000 00009FF8 00000000 00000000 0000B190 020000F6 0000FFD0 | 2700 00000
[00033] 02015300 4EFB | 0000773F 00000000 CC000505 00000000 00000000 00000000 00000000 00000000 | 0200337C 7B300000 FFFF5F8E 00000000 00000000 0000B190 020000F6 0000FFD0 | 2700 00000
[00034] 0200B288 284E | 0000773F 00000000 CC000505 00000000 00000000 00000000 00000000 00000000 | 0200337C 7B300000 FFFF5F8E 00000000 00000000 0000B190 020000F6 0000FFD0 | 2700 00000
[00035] 0200B28A 40C5 | 0000773F 00000000 CC000505 00000000 00000000 00000000 00000000 00000000 | 0200337C 7B300000 FFFF5F8E 00000000 020000F6 0000B190 020000F6 0000FFD0 | 2700 00000
[00036] 0200B28C 4845 | 0000773F 00000000 CC000505 00000000 00000000 00002709 00000000 00000000 | 0200337C 7B300000 FFFF5F8E 00000000 020000F6 0000B190 020000F6 0000FFD0 | 2709 01001
[00037] 0200B28E 4BFA | 0000773F 00000000 CC000505 00000000 00000000 27090000 00000000 00000000 | 0200337C 7B300000 FFFF5F8E 00000000 020000F6 0000B190 020000F6 0000FFD0 | 2709 01001
[00038] 0200B292 4EFA | 0000773F 00000000 CC000505 00000000 00000000 27090000 00000000 00000000 | 0200337C 7B300000 FFFF5F8E 00000000 020000F6 0200B296 020000F6 0000FFD0 | 2709 01001
[00039] 0200B274 7235 | 0000773F 00000000 CC000505 00000000 00000000 27090000 00000000 00000000 | 0200337C 7B300000 FFFF5F8E 00000000 020000F6 0200B296 020000F6 0000FFD0 | 2709 01001
[00040] 0200B276 7455 | 0000773F 00000035 CC000505 00000000 00000000 27090000 00000000 00000000 | 0200337C 7B300000 FFFF5F8E 00000000 020000F6 0200B296 020000F6 0000FFD0 | 2709 01001
[00041] 0200B278 6000 | 0000773F 00000035 00000055 00000000 00000000 27090000 00000000 00000000 | 0200337C 7B300000 FFFF5F8E 00000000 020000F6 0200B296 020000F6 0000FFD0 | 2709 01001
[00042] 0200B1E4 7104 | 0000773F 00000035 00000055 00000000 00000000 27090000 00000000 00000000 | 0200337C 7B300000 FFFF5F8E 00000000 020000F6 0200B296 020000F6 0000FFD0 | 2709 01001
[00043] 0200B1E6 4ED5 | 00000000 00000055 00000055 00000000 00000000 27090000 00000000 00000000 | 0200337C 7B300000 FFFF5F8E 00000000 020000F6 0200B296 020000F6 0000FFD0 | 2700 00000
[00044] 0200B296 7231 | 00000000 00000055 00000055 00000000 00000000 27090000 00000000 00000000 | 0200337C 7B300000 FFFF5F8E 00000000 020000F6 0200B296 020000F6 0000FFD0 | 2700 00000
[00045] 0200B298 7400 | 00000000 00000031 00000055 00000000 00000000 27090000 00000000 00000000 | 0200337C 7B300000 FFFF5F8E 00000000 020000F6 0200B296 020000F6 0000FFD0 | 2700 00000
[00046] 0200B29A 4BFA | 00000000 00000031 00000000 00000000 00000000 27090000 00000000 00000000 | 0200337C 7B300000 FFFF5F8E 00000000 020000F6 0200B296 020000F6 0000FFD0 | 2700 00000
[00047] 0200B29E 4EFA | 00000000 00000031 00000000 00000000 00000000 27090000 00000000 00000000 | 0200337C 7B300000 FFFF5F8E 00000000 020000F6 0200B2A2 020000F6 0000FFD0 | 2700 00000
[00048] 0200B1E4 7104 | 00000000 00000031 00000000 00000000 00000000 27090000 00000000 00000000 | 0200337C 7B300000 FFFF5F8E 00000000 020000F6 0200B2A2 020000F6 0000FFD0 | 2700 00000
[00049] 0200B1E6 4ED5 | 00000000 00000000 00000000 00000000 00000000 27090000 00000000 00000000 | 0200337C 7B300000 FFFF5F8E 00000000 020000F6 0200B2A2 020000F6 0000FFD0 | 2704 00100
=== macemu-next ===

Allocating RAM (32 MB)...
RAM at 0x77e484d00000 (Mac: 0x00000000)
ROM at 0x77e486d00000 (Mac: 0x02000000)

Loading ROM from /home/mick/quadra.rom...
ROM size: 1048576 bytes (1024 KB)
ROM loaded successfully (kept in big-endian format)

=== Initializing Emulator ===

=== Selected CPU Backend: uae ===
CPU Backend: UAE Interpreter
[DEBUG] After PatchROM: ROMBaseHost+0x3384 = 0x0000307B

=== Initialization Complete ===
ROM Version: 0x0000067c
CPU Type: 68050
FPU: No
24-bit addressing: No

=== Starting Emulation ===
CPU reset to PC=0x0200002a
Auto-exit timer set: 2 seconds
EmulOp 7103
*** RESET ***
EmulOp 7104
RTC write op 13, d1 00000035 d2 00000055
EmulOp 7104
RTC write op 12, d1 00000031 d2 00000000
EmulOp 7104
RTC write op 13, d1 00000035 d2 ffffffd5
EmulOp 7104
Read XPRAM 10->a8
EmulOp 7104
Read XPRAM 0c->4e
EmulOp 7104
Read XPRAM 0d->75
EmulOp 7104
Read XPRAM 0e->4d
EmulOp 7104
Read XPRAM 0f->63
EmulOp 7104
RTC write op 13, d1 00000035 d2 00000055
EmulOp 7104
Write XPRAM 0c<-4e
EmulOp 7104
Write XPRAM 0d<-75
EmulOp 7104
Write XPRAM 0e<-4d
EmulOp 7104
Write XPRAM 0f<-63
EmulOp 7104
Write XPRAM 20<-00
EmulOp 7104
Write XPRAM 21<-00
EmulOp 7104
Write XPRAM 22<-00
EmulOp 7104
Write XPRAM 23<-00
EmulOp 7104
Write XPRAM 24<-00
EmulOp 7104
Write XPRAM 25<-00
EmulOp 7104
Write XPRAM 26<-00
EmulOp 7104
Write XPRAM 27<-00
EmulOp 7104
Write XPRAM 28<-00
EmulOp 7104
Write XPRAM 29<-00
EmulOp 7104
Write XPRAM 2a<-00
EmulOp 7104
Write XPRAM 2b<-00
EmulOp 7104
Write XPRAM 2c<-00
EmulOp 7104
Write XPRAM 2d<-00
EmulOp 7104
Write XPRAM 2e<-00
EmulOp 7104
Write XPRAM 2f<-00
EmulOp 7104
Write XPRAM 30<-00
EmulOp 7104
Write XPRAM 31<-00
EmulOp 7104
Write XPRAM 32<-00
EmulOp 7104
Write XPRAM 33<-00
EmulOp 7104
Write XPRAM 34<-00
EmulOp 7104
Write XPRAM 35<-00
EmulOp 7104
Write XPRAM 36<-00
EmulOp 7104
Write XPRAM 37<-00
EmulOp 7104
Write XPRAM 38<-00
EmulOp 7104
Write XPRAM 39<-00
EmulOp 7104
Write XPRAM 3a<-00
EmulOp 7104
Write XPRAM 3b<-00
EmulOp 7104
Write XPRAM 3c<-00
EmulOp 7104
Write XPRAM 3d<-00
EmulOp 7104
Write XPRAM 3e<-00
EmulOp 7104
Write XPRAM 3f<-00
EmulOp 7104
Write XPRAM 40<-00
EmulOp 7104
Write XPRAM 41<-00
EmulOp 7104
Write XPRAM 42<-00
EmulOp 7104
Write XPRAM 43<-00
EmulOp 7104
Write XPRAM 44<-00
EmulOp 7104
Write XPRAM 45<-00
EmulOp 7104
Write XPRAM 46<-00
EmulOp 7104
Write XPRAM 47<-00
EmulOp 7104
Write XPRAM 48<-00
EmulOp 7104
Write XPRAM 49<-00
EmulOp 7104
Write XPRAM 4a<-00
EmulOp 7104
Write XPRAM 4b<-00
EmulOp 7104
Write XPRAM 4c<-00
EmulOp 7104
Write XPRAM 4d<-00
EmulOp 7104
Write XPRAM 4e<-00
EmulOp 7104
Write XPRAM 4f<-00
EmulOp 7104
Write XPRAM 50<-00
EmulOp 7104
Write XPRAM 51<-00
EmulOp 7104
Write XPRAM 52<-00
EmulOp 7104
Write XPRAM 53<-00
EmulOp 7104
Write XPRAM 54<-00
EmulOp 7104
Write XPRAM 55<-00
EmulOp 7104
Write XPRAM 56<-00
EmulOp 7104
Write XPRAM 57<-00
EmulOp 7104
Write XPRAM 58<-00
EmulOp 7104
Write XPRAM 59<-00
EmulOp 7104
Write XPRAM 5a<-00
EmulOp 7104
Write XPRAM 5b<-00
EmulOp 7104
Write XPRAM 5c<-00
EmulOp 7104
Write XPRAM 5d<-00
EmulOp 7104
Write XPRAM 5e<-00
EmulOp 7104
Write XPRAM 5f<-00
EmulOp 7104
Write XPRAM 60<-00
EmulOp 7104
Write XPRAM 61<-00
EmulOp 7104
Write XPRAM 62<-00
EmulOp 7104
Write XPRAM 63<-00
EmulOp 7104
Write XPRAM 64<-00
EmulOp 7104
Write XPRAM 65<-00
EmulOp 7104
Write XPRAM 66<-00
EmulOp 7104
Write XPRAM 67<-00
EmulOp 7104
Write XPRAM 68<-00
EmulOp 7104
Write XPRAM 69<-00
EmulOp 7104
Write XPRAM 6a<-00
EmulOp 7104
Write XPRAM 6b<-00
EmulOp 7104
Write XPRAM 6c<-00
EmulOp 7104
Write XPRAM 6d<-00
EmulOp 7104
Write XPRAM 6e<-00
EmulOp 7104
Write XPRAM 6f<-00
EmulOp 7104
Write XPRAM 70<-00
EmulOp 7104
Write XPRAM 71<-00
EmulOp 7104
Write XPRAM 72<-00
EmulOp 7104
Write XPRAM 73<-00
EmulOp 7104
Write XPRAM 74<-00
EmulOp 7104
Write XPRAM 75<-00
EmulOp 7104
Write XPRAM 76<-00
EmulOp 7104
Write XPRAM 77<-00
EmulOp 7104
Write XPRAM 78<-00
EmulOp 7104
Write XPRAM 79<-00
EmulOp 7104
Write XPRAM 7a<-00
EmulOp 7104
Write XPRAM 7b<-00
EmulOp 7104
Write XPRAM 7c<-00
EmulOp 7104
Write XPRAM 7d<-00
EmulOp 7104
Write XPRAM 7e<-00
EmulOp 7104
Write XPRAM 7f<-00
EmulOp 7104
Write XPRAM 80<-00
EmulOp 7104
Write XPRAM 81<-00
EmulOp 7104
Write XPRAM 82<-00
EmulOp 7104
Write XPRAM 83<-00
EmulOp 7104
Write XPRAM 84<-00
EmulOp 7104
Write XPRAM 85<-00
EmulOp 7104
Write XPRAM 86<-00
EmulOp 7104
Write XPRAM 87<-00
EmulOp 7104
Write XPRAM 88<-00
EmulOp 7104
Write XPRAM 89<-00
EmulOp 7104
Write XPRAM 8a<-00
EmulOp 7104
Write XPRAM 8b<-00
EmulOp 7104
Write XPRAM 8c<-00
EmulOp 7104
Write XPRAM 8d<-00
EmulOp 7104
Write XPRAM 8e<-00
EmulOp 7104
Write XPRAM 8f<-00
EmulOp 7104
Write XPRAM 90<-00
EmulOp 7104
Write XPRAM 91<-00
EmulOp 7104
Write XPRAM 92<-00
EmulOp 7104
Write XPRAM 93<-00
EmulOp 7104
Write XPRAM 94<-00
EmulOp 7104
Write XPRAM 95<-00
EmulOp 7104
Write XPRAM 96<-00
EmulOp 7104
Write XPRAM 97<-00
EmulOp 7104
Write XPRAM 98<-00
EmulOp 7104
Write XPRAM 99<-00
EmulOp 7104
Write XPRAM 9a<-00
EmulOp 7104
Write XPRAM 9b<-00
EmulOp 7104
Write XPRAM 9c<-00
EmulOp 7104
Write XPRAM 9d<-00
EmulOp 7104
Write XPRAM 9e<-00
EmulOp 7104
Write XPRAM 9f<-00
EmulOp 7104
Write XPRAM a0<-00
EmulOp 7104
Write XPRAM a1<-00
EmulOp 7104
Write XPRAM a2<-00
EmulOp 7104
Write XPRAM a3<-00
EmulOp 7104
Write XPRAM a4<-00
EmulOp 7104
Write XPRAM a5<-00
EmulOp 7104
Write XPRAM a6<-00
EmulOp 7104
Write XPRAM a7<-00
EmulOp 7104
Write XPRAM a8<-00
EmulOp 7104
Write XPRAM a9<-00
EmulOp 7104
Write XPRAM aa<-00
EmulOp 7104
Write XPRAM ab<-00
EmulOp 7104
Write XPRAM ac<-00
EmulOp 7104
Write XPRAM ad<-00
EmulOp 7104
Write XPRAM ae<-00
EmulOp 7104
Write XPRAM af<-00
EmulOp 7104
Write XPRAM b0<-00
EmulOp 7104
Write XPRAM b1<-00
EmulOp 7104
Write XPRAM b2<-00
EmulOp 7104
Write XPRAM b3<-00
EmulOp 7104
Write XPRAM b4<-00
EmulOp 7104
Write XPRAM b5<-00
EmulOp 7104
Write XPRAM b6<-00
EmulOp 7104
Write XPRAM b7<-00
EmulOp 7104
Write XPRAM b8<-00
EmulOp 7104
Write XPRAM b9<-00
EmulOp 7104
Write XPRAM ba<-00
EmulOp 7104
Write XPRAM bb<-00
EmulOp 7104
Write XPRAM bc<-00
EmulOp 7104
Write XPRAM bd<-00
EmulOp 7104
Write XPRAM be<-00
EmulOp 7104
Write XPRAM bf<-00
EmulOp 7104
Write XPRAM c0<-00
EmulOp 7104
Write XPRAM c1<-00
EmulOp 7104
Write XPRAM c2<-00
EmulOp 7104
Write XPRAM c3<-00
EmulOp 7104
Write XPRAM c4<-00
EmulOp 7104
Write XPRAM c5<-00
EmulOp 7104
Write XPRAM c6<-00
EmulOp 7104
Write XPRAM c7<-00
EmulOp 7104
Write XPRAM c8<-00
EmulOp 7104
Write XPRAM c9<-00
EmulOp 7104
Write XPRAM ca<-00
EmulOp 7104
Write XPRAM cb<-00
EmulOp 7104
Write XPRAM cc<-00
EmulOp 7104
Write XPRAM cd<-00
EmulOp 7104
Write XPRAM ce<-00
EmulOp 7104
Write XPRAM cf<-00
EmulOp 7104
Write XPRAM d0<-00
EmulOp 7104
Write XPRAM d1<-00
EmulOp 7104
Write XPRAM d2<-00
EmulOp 7104
Write XPRAM d3<-00
EmulOp 7104
Write XPRAM d4<-00
EmulOp 7104
Write XPRAM d5<-00
EmulOp 7104
Write XPRAM d6<-00
EmulOp 7104
Write XPRAM d7<-00
EmulOp 7104
Write XPRAM d8<-00
EmulOp 7104
Write XPRAM d9<-00
EmulOp 7104
Write XPRAM da<-00
EmulOp 7104
Write XPRAM db<-00
EmulOp 7104
Write XPRAM dc<-00
EmulOp 7104
Write XPRAM dd<-00
EmulOp 7104
Write XPRAM de<-00
EmulOp 7104
Write XPRAM df<-00
EmulOp 7104
Write XPRAM e0<-00
EmulOp 7104
Write XPRAM e1<-00
EmulOp 7104
Write XPRAM e2<-00
EmulOp 7104
Write XPRAM e3<-00
EmulOp 7104
Write XPRAM e4<-00
EmulOp 7104
Write XPRAM e5<-00
EmulOp 7104
Write XPRAM e6<-00
EmulOp 7104
Write XPRAM e7<-00
EmulOp 7104
Write XPRAM e8<-00
EmulOp 7104
Write XPRAM e9<-00
EmulOp 7104
Write XPRAM ea<-00
EmulOp 7104
Write XPRAM eb<-00
EmulOp 7104
Write XPRAM ec<-00
EmulOp 7104
Write XPRAM ed<-00
EmulOp 7104
Write XPRAM ee<-00
EmulOp 7104
Write XPRAM ef<-00
EmulOp 7104
Write XPRAM f0<-00
EmulOp 7104
Write XPRAM f1<-00
EmulOp 7104
Write XPRAM f2<-00
EmulOp 7104
Write XPRAM f3<-00
EmulOp 7104
Write XPRAM f4<-00
EmulOp 7104
Write XPRAM f5<-00
EmulOp 7104
Write XPRAM f6<-00
EmulOp 7104
Write XPRAM f7<-00
EmulOp 7104
Write XPRAM f8<-00
EmulOp 7104
Write XPRAM f9<-00
EmulOp 7104
Write XPRAM fa<-00
EmulOp 7104
Write XPRAM fb<-00
EmulOp 7104
Write XPRAM fc<-00
EmulOp 7104
Write XPRAM fd<-00
EmulOp 7104
Write XPRAM fe<-00
EmulOp 7104
Write XPRAM ff<-00
EmulOp 7104
Write XPRAM 00<-00
EmulOp 7104
Write XPRAM 01<-00
EmulOp 7104
Write XPRAM 02<-00
EmulOp 7104
Write XPRAM 03<-00
EmulOp 7104
Write XPRAM 04<-00
EmulOp 7104
Write XPRAM 05<-00
EmulOp 7104
Write XPRAM 06<-00
EmulOp 7104
Write XPRAM 07<-00
EmulOp 7104
Write XPRAM 76<-00
EmulOp 7104
Write XPRAM 77<-01
EmulOp 7104
Write XPRAM 78<-ff
EmulOp 7104
Write XPRAM 79<-ff
EmulOp 7104
Write XPRAM 7a<-ff
EmulOp 7104
Write XPRAM 7b<-df
EmulOp 7104
Write XPRAM 7c<-00
EmulOp 7104
Write XPRAM 7d<-00
EmulOp 7104
Write XPRAM 7e<-00
EmulOp 7104
Write XPRAM 7f<-00
EmulOp 7104
Write XPRAM 80<-00
EmulOp 7104
Write XPRAM 81<-00
EmulOp 7104
Write XPRAM 82<-00
EmulOp 7104
Write XPRAM 83<-00
EmulOp 7104
Write XPRAM 84<-00
EmulOp 7104
Write XPRAM 85<-00
EmulOp 7104
Write XPRAM 86<-00
EmulOp 7104
Write XPRAM 87<-00
EmulOp 7104
Write XPRAM 88<-00
EmulOp 7104
Write XPRAM 89<-00
EmulOp 7104
RTC write op 13, d1 00000035 d2 ffffffd5
EmulOp 7106
Read XPRAM af
EmulOp 7106
Read XPRAM 200008a
EmulOp 7107
Patch BootGlobs
EmulOp 7104
RTC write op 13, d1 00000035 d2 00000055
EmulOp 7104
RTC write op 12, d1 00000031 d2 00000000
EmulOp 7104
RTC write op 13, d1 00000035 d2 ffffffd5
EmulOp 7104
Read XPRAM 10->a8
EmulOp 7104
Read XPRAM 11->00
EmulOp 7104
Read XPRAM 12->00
EmulOp 7104
Read XPRAM 13->22
EmulOp 7104
Read XPRAM 14->cc
EmulOp 7104
Read XPRAM 15->0a
EmulOp 7104
Read XPRAM 16->cc
EmulOp 7104
Read XPRAM 17->0a
EmulOp 7104
Read XPRAM 18->00
EmulOp 7104
Read XPRAM 19->00
EmulOp 7104
Read XPRAM 1a->00
EmulOp 7104
Read XPRAM 1b->00
EmulOp 7104
Read XPRAM 1c->00
EmulOp 7104
Read XPRAM 1d->02
EmulOp 7104
Read XPRAM 1e->63
EmulOp 7104
Read XPRAM 1f->00
EmulOp 7104
Read XPRAM 08->13
EmulOp 7104
Read XPRAM 09->88
EmulOp 7104
Read XPRAM 0a->00
EmulOp 7104
Read XPRAM 0b->cc
EmulOp 7104
EmulOp 7104
EmulOp 7104
EmulOp 7104
EmulOp 7104
EmulOp 7104
EmulOp 7104
EmulOp 7104
EmulOp 7104
Read XPRAM 0c->4e
EmulOp 7104
Write XPRAM 01<-00
EmulOp 7104
Write XPRAM 01<-00
EmulOp 7104
Write XPRAM 01<-00
EmulOp 7104
RTC write op 13, d1 00000035 d2 ffffffd5
EmulOp 7104
RTC write op 13, d1 00000035 d2 00000055
EmulOp 7104
RTC write op 13, d1 00000035 d2 ffffffd5
EmulOp 7104
RTC write op 13, d1 00000035 d2 00000055
EmulOp 7104
RTC write op 13, d1 00000035 d2 ffffffd5
EmulOp 7104
RTC write op 13, d1 00000035 d2 00000055
EmulOp 7104
RTC write op 13, d1 00000035 d2 ffffffd5
EmulOp 7104
RTC write op 13, d1 00000035 d2 00000055
EmulOp 7104
RTC write op 13, d1 00000035 d2 ffffffd5
EmulOp 7104
RTC write op 13, d1 00000035 d2 00000055
EmulOp 7104
RTC write op 13, d1 00000035 d2 ffffffd5
EmulOp 7104
RTC write op 13, d1 00000035 d2 00000055
EmulOp 7104
RTC write op 13, d1 00000035 d2 ffffffd5
EmulOp 7104
RTC write op 13, d1 00000035 d2 00000055
EmulOp 7104
RTC write op 13, d1 00000035 d2 ffffffd5
EmulOp 7104
RTC write op 13, d1 00000035 d2 00000055
EmulOp 7104
RTC write op 13, d1 00000035 d2 ffffffd5
EmulOp 7104
RTC write op 13, d1 00000035 d2 00000055
EmulOp 7104
RTC write op 13, d1 00000035 d2 ffffffd5
EmulOp 7104
RTC write op 13, d1 00000035 d2 00000055
EmulOp 7104
RTC write op 13, d1 00000035 d2 ffffffd5
EmulOp 7104
RTC write op 13, d1 00000035 d2 00000055
EmulOp 7104
RTC write op 13, d1 00000035 d2 ffffffd5
EmulOp 7104
RTC write op 13, d1 00000035 d2 00000055
EmulOp 7104
RTC write op 13, d1 00000035 d2 ffffffd5
EmulOp 7104
RTC write op 13, d1 00000035 d2 00000055
EmulOp 7104
RTC write op 13, d1 00000035 d2 ffffffd5
EmulOp 7104
RTC write op 13, d1 00000035 d2 00000055
EmulOp 7104
RTC write op 13, d1 00000035 d2 ffffffd5
EmulOp 7104
RTC write op 13, d1 00000035 d2 00000055
EmulOp 7104
RTC write op 13, d1 00000035 d2 ffffffd5
EmulOp 7104
RTC write op 13, d1 00000035 d2 00000055
EmulOp 7104
RTC write op 13, d1 00000035 d2 ffffffd5
EmulOp 7104
RTC write op 13, d1 00000035 d2 00000055
EmulOp 7104
RTC write op 13, d1 00000035 d2 ffffffd5
EmulOp 7104
RTC write op 13, d1 00000035 d2 00000055
EmulOp 7104
RTC write op 13, d1 00000035 d2 ffffffd5
EmulOp 7104
RTC write op 13, d1 00000035 d2 00000055
EmulOp 7104
RTC write op 13, d1 00000035 d2 ffffffd5
EmulOp 7104
RTC write op 13, d1 00000035 d2 00000055
EmulOp 7104
RTC write op 13, d1 00000035 d2 ffffffd5
EmulOp 7104
RTC write op 13, d1 00000035 d2 00000055
EmulOp 7104
RTC write op 13, d1 00000035 d2 ffffffd5
EmulOp 7104
RTC write op 13, d1 00000035 d2 00000055
EmulOp 7104
RTC write op 13, d1 00000035 d2 ffffffd5
EmulOp 7104
RTC write op 13, d1 00000035 d2 00000055
EmulOp 7104
RTC write op 13, d1 00000035 d2 ffffffd5
EmulOp 7104
RTC write op 13, d1 00000035 d2 00000055
EmulOp 7104
RTC write op 13, d1 00000035 d2 ffffffd5
EmulOp 7104
RTC write op 13, d1 00000035 d2 00000055
EmulOp 7104
RTC write op 13, d1 00000035 d2 ffffffd5
EmulOp 7104
RTC write op 13, d1 00000035 d2 00000055
EmulOp 7104
RTC write op 13, d1 00000035 d2 ffffffd5
EmulOp 7104
RTC write op 13, d1 00000035 d2 00000055
EmulOp 7104
RTC write op 13, d1 00000035 d2 ffffffd5
EmulOp 7104
RTC write op 13, d1 00000035 d2 00000055
EmulOp 7104
RTC write op 13, d1 00000035 d2 ffffffd5
EmulOp 7104
RTC write op 13, d1 00000035 d2 00000055
EmulOp 7104
RTC write op 13, d1 00000035 d2 ffffffd5
EmulOp 7104
RTC write op 13, d1 00000035 d2 00000055
EmulOp 7104
RTC write op 13, d1 00000035 d2 ffffffd5
EmulOp 7104
RTC write op 13, d1 00000035 d2 00000055
EmulOp 7104
RTC write op 13, d1 00000035 d2 ffffffd5
EmulOp 7104
RTC write op 13, d1 00000035 d2 00000055
EmulOp 7104
RTC write op 13, d1 00000035 d2 ffffffd5
EmulOp 7104
RTC write op 13, d1 00000035 d2 00000055
EmulOp 7104
RTC write op 13, d1 00000035 d2 ffffffd5
EmulOp 7104
RTC write op 13, d1 00000035 d2 00000055
EmulOp 7104
RTC write op 13, d1 00000035 d2 ffffffd5
EmulOp 7104
RTC write op 13, d1 00000035 d2 00000055
EmulOp 7104
RTC write op 13, d1 00000035 d2 ffffffd5
EmulOp 7104
RTC write op 13, d1 00000035 d2 00000055
EmulOp 7104
RTC write op 13, d1 00000035 d2 ffffffd5
EmulOp 7104
RTC write op 13, d1 00000035 d2 00000055
EmulOp 7104
RTC write op 13, d1 00000035 d2 ffffffd5
EmulOp 7104
RTC write op 13, d1 00000035 d2 00000055
EmulOp 7104
RTC write op 13, d1 00000035 d2 ffffffd5
EmulOp 7104
RTC write op 13, d1 00000035 d2 00000055
EmulOp 7104
RTC write op 13, d1 00000035 d2 ffffffd5
EmulOp 7104
RTC write op 13, d1 00000035 d2 00000055
EmulOp 7104
RTC write op 13, d1 00000035 d2 ffffffd5
EmulOp 7104
RTC write op 13, d1 00000035 d2 00000055
EmulOp 7104
RTC write op 13, d1 00000035 d2 ffffffd5
EmulOp 7104
RTC write op 13, d1 00000035 d2 00000055
EmulOp 7104
RTC write op 13, d1 00000035 d2 ffffffd5
EmulOp 7104
RTC write op 13, d1 00000035 d2 00000055
EmulOp 7104
RTC write op 13, d1 00000035 d2 ffffffd5
EmulOp 7104
RTC write op 13, d1 00000035 d2 00000055
EmulOp 7104
RTC write op 13, d1 00000035 d2 ffffffd5
EmulOp 7104
RTC write op 13, d1 00000035 d2 00000055
EmulOp 7104
RTC write op 13, d1 00000035 d2 ffffffd5
EmulOp 7104
RTC write op 13, d1 00000035 d2 00000055
EmulOp 7104
RTC write op 13, d1 00000035 d2 ffffffd5
EmulOp 7104
RTC write op 13, d1 00000035 d2 00000055
EmulOp 7104
RTC write op 13, d1 00000035 d2 ffffffd5
EmulOp 7104
RTC write op 13, d1 00000035 d2 00000055
EmulOp 7104
RTC write op 13, d1 00000035 d2 ffffffd5
EmulOp 7104
RTC write op 13, d1 00000035 d2 00000055
EmulOp 7104
RTC write op 13, d1 00000035 d2 ffffffd5
EmulOp 7104
RTC write op 13, d1 00000035 d2 00000055
EmulOp 7104
RTC write op 13, d1 00000035 d2 ffffffd5
EmulOp 7104
RTC write op 13, d1 00000035 d2 00000055
EmulOp 7104
RTC write op 13, d1 00000035 d2 ffffffd5
EmulOp 7104
RTC write op 13, d1 00000035 d2 00000055
EmulOp 7104
RTC write op 13, d1 00000035 d2 ffffffd5
EmulOp 7104
RTC write op 13, d1 00000035 d2 00000055
EmulOp 7104
RTC write op 13, d1 00000035 d2 ffffffd5
EmulOp 7104
RTC write op 13, d1 00000035 d2 00000055
EmulOp 7104
RTC write op 13, d1 00000035 d2 ffffffd5
EmulOp 7104
RTC write op 13, d1 00000035 d2 00000055
EmulOp 7104
RTC write op 13, d1 00000035 d2 ffffffd5
EmulOp 7104
RTC write op 13, d1 00000035 d2 00000055
EmulOp 7104
RTC write op 13, d1 00000035 d2 ffffffd5
EmulOp 7104
RTC write op 13, d1 00000035 d2 00000055
EmulOp 7104
RTC write op 13, d1 00000035 d2 ffffffd5
EmulOp 7104
RTC write op 13, d1 00000035 d2 00000055
EmulOp 7104
RTC write op 13, d1 00000035 d2 ffffffd5
EmulOp 7104
RTC write op 13, d1 00000035 d2 00000055
EmulOp 7104
RTC write op 13, d1 00000035 d2 ffffffd5
EmulOp 7104
RTC write op 13, d1 00000035 d2 00000055
EmulOp 7104
RTC write op 13, d1 00000035 d2 ffffffd5
EmulOp 7104
Read XPRAM 8a->05
EmulOp 7104
RTC write op 13, d1 00000035 d2 ffffffd5
EmulOp 7109
Fix MemSize
EmulOp 7104
Read XPRAM ae->00
EmulOp 7104
RTC write op 13, d1 00000035 d2 ffffffd5
EmulOp 7104
Read XPRAM 56->00
EmulOp 7104
Write XPRAM 01<-00
EmulOp 7104
Write XPRAM 01<-ff
EmulOp 7104
Write XPRAM 01<-c0
EmulOp 7104
Write XPRAM 01<-00
EmulOp 7104
Write XPRAM 01<-00
EmulOp 7104
Write XPRAM 01<-46
EmulOp 7104
Write XPRAM 01<-f8
EmulOp 7104
RTC write op 13, d1 00000035 d2 ffffffd5
EmulOp 7104
RTC write op 13, d1 00000035 d2 00000055
EmulOp 7104
RTC write op 13, d1 00000035 d2 ffffffd5
EmulOp 7109
Fix MemSize
EmulOp 7104
Read XPRAM 02->00
EmulOp 7104
Write XPRAM 01<-ae
EmulOp 7104
RTC write op 13, d1 00000035 d2 ffffffd5
EmulOp 7104
RTC write op 13, d1 00000035 d2 00000055
EmulOp 7104
RTC write op 13, d1 00000035 d2 ffffffd5
EmulOp 7124
EmulOp 7104
Read XPRAM 78->ff
EmulOp 7104
Write XPRAM 01<-00
EmulOp 7104
Write XPRAM 01<-02
EmulOp 7104
Write XPRAM 01<-00
EmulOp 7104
RTC write op 13, d1 00000035 d2 ffffffd5
EmulOp 7128
EmulOp 712c
EmulOp 710c
EmulOp 712c
EmulOp 712c
EmulOp 7104
Read XPRAM 04->00
EmulOp 7104
Write XPRAM 01<-00
EmulOp 7104
Write XPRAM 01<-00
EmulOp 7104
Write XPRAM 01<-00
EmulOp 7104
RTC write op 13, d1 00000035 d2 ffffffd5
EmulOp 7104
Read XPRAM ab->00
EmulOp 7104
Write XPRAM 01<-00
EmulOp 7104
Write XPRAM 01<-00
EmulOp 7104
RTC write op 13, d1 00000035 d2 ffffffd5
EmulOp 7104
Read XPRAM bc->00
EmulOp 7104
RTC write op 13, d1 00000035 d2 ffffffd5
EmulOp 7104
Read XPRAM 20->00
EmulOp 7104
Write XPRAM 01<-00
EmulOp 7104
Write XPRAM 01<-00
EmulOp 7104
Write XPRAM 01<-00
EmulOp 7104
Write XPRAM 01<-00
EmulOp 7104
Write XPRAM 01<-00
EmulOp 7104
Write XPRAM 01<-00
EmulOp 7104
Write XPRAM 01<-00
EmulOp 7104
Write XPRAM 01<-00
EmulOp 7104
Write XPRAM 01<-00
EmulOp 7104
Write XPRAM 01<-00
EmulOp 7104
Write XPRAM 01<-00
EmulOp 7104
Write XPRAM 01<-00
EmulOp 7104
Write XPRAM 01<-00
EmulOp 7104
Write XPRAM 01<-00
EmulOp 7104
Write XPRAM 01<-00
EmulOp 7104
Write XPRAM 01<-00
EmulOp 7104
Write XPRAM 01<-00
EmulOp 7104
Write XPRAM 01<-00
EmulOp 7104
Write XPRAM 01<-00
EmulOp 7104
Write XPRAM 01<-00
EmulOp 7104
Write XPRAM 01<-00
EmulOp 7104
Write XPRAM 01<-00
EmulOp 7104
Write XPRAM 01<-00
EmulOp 7104
Write XPRAM 01<-00
EmulOp 7104
Write XPRAM 01<-00
EmulOp 7104
Write XPRAM 01<-00
EmulOp 7104
Write XPRAM 01<-00
EmulOp 7104
Write XPRAM 01<-00
EmulOp 7104
Write XPRAM 01<-00
EmulOp 7104
Write XPRAM 01<-00
EmulOp 7104
Write XPRAM 01<-00
EmulOp 7104
RTC write op 13, d1 00000035 d2 ffffffd5
EmulOp 7104
Read XPRAM 8b->00
EmulOp 7104
Write XPRAM 01<-00
EmulOp 7104
Write XPRAM 01<-00
EmulOp 7104
Write XPRAM 01<-00
EmulOp 7104
Write XPRAM 01<-00
EmulOp 7104
Write XPRAM 01<-00
EmulOp 7104
Write XPRAM 01<-00
EmulOp 7104
Write XPRAM 01<-00
EmulOp 7104
Write XPRAM 01<-00
EmulOp 7104
Write XPRAM 01<-00
EmulOp 7104
Write XPRAM 01<-00
EmulOp 7104
Write XPRAM 01<-00
EmulOp 7104
Write XPRAM 01<-00
EmulOp 7104
Write XPRAM 01<-00
EmulOp 7104
Write XPRAM 01<-00
EmulOp 7104
Write XPRAM 01<-00
EmulOp 7104
Write XPRAM 01<-00
EmulOp 7104
Write XPRAM 01<-00
EmulOp 7104
Write XPRAM 01<-00
EmulOp 7104
Write XPRAM 01<-00
EmulOp 7104
Write XPRAM 01<-00
EmulOp 7104
Write XPRAM 01<-00
EmulOp 7104
Write XPRAM 01<-00
EmulOp 7104
Write XPRAM 01<-00
EmulOp 7104
Write XPRAM 01<-00
EmulOp 7104
Write XPRAM 01<-00
EmulOp 7104
Write XPRAM 01<-00
EmulOp 7104
Write XPRAM 01<-00
EmulOp 7104
Write XPRAM 01<-00
EmulOp 7104
Write XPRAM 01<-00
EmulOp 7104
Write XPRAM 01<-00
EmulOp 7104
Write XPRAM 01<-00
EmulOp 7104
RTC write op 13, d1 00000035 d2 ffffffd5
EmulOp 712c
EmulOp 710a
InstallDrivers
EmulOp 7110
EmulOp 7114
ASC registers at 00005000
EmulOp 7104
Read XPRAM 80->00
EmulOp 7104
Write XPRAM 01<-00
EmulOp 7104
RTC write op 13, d1 00000035 d2 ffffffd5
EmulOp 7104
Read XPRAM 56->00
EmulOp 7104
Write XPRAM 01<-16
EmulOp 7104
Write XPRAM 01<-00
EmulOp 7104
Write XPRAM 01<-00
EmulOp 7104
Write XPRAM 01<-00
EmulOp 7104
Write XPRAM 01<-03
EmulOp 7104
Write XPRAM 01<-02
EmulOp 7104
Write XPRAM 01<-00
EmulOp 7104
RTC write op 13, d1 00000035 d2 ffffffd5
EmulOp 7104
RTC write op 13, d1 00000035 d2 00000055
EmulOp 7104
RTC write op 13, d1 00000035 d2 ffffffd5
EmulOp 7118
EmulOp 7104
Read XPRAM 56->00
EmulOp 7104
Write XPRAM 01<-00
EmulOp 7104
Write XPRAM 01<-9a
EmulOp 7104
Write XPRAM 01<-0a
EmulOp 7104
Write XPRAM 01<-01
EmulOp 7104
Write XPRAM 01<-00
EmulOp 7104
Write XPRAM 01<-09
EmulOp 7104
Write XPRAM 01<-d6
EmulOp 7104
RTC write op 13, d1 00000035 d2 ffffffd5
EmulOp 7104
RTC write op 13, d1 00000035 d2 00000055
EmulOp 7104
RTC write op 13, d1 00000035 d2 ffffffd5
EmulOp 712c
EmulOp 7119
EmulOp 7119
EmulOp 7119
EmulOp 7119
EmulOp 712c
EmulOp 7119
EmulOp 712c
EmulOp 710b
InstallSERD
EmulOp 7123
EmulOp 7123
EmulOp 7123
EmulOp 7123
EmulOp 7123
EmulOp 7123
EmulOp 7123
EmulOp 7123
EmulOp 7123
EmulOp 7123
EmulOp 7123
EmulOp 7123
EmulOp 7123
EmulOp 7123
EmulOp 7123
EmulOp 7123
EmulOp 7123
EmulOp 7123
EmulOp 7123
EmulOp 7123
EmulOp 7123
EmulOp 7123
EmulOp 7123
EmulOp 7123
EmulOp 7123
EmulOp 7123
EmulOp 7123
EmulOp 7123
EmulOp 7123
EmulOp 7123
EmulOp 7123
EmulOp 7123
EmulOp 7123
EmulOp 7123
EmulOp 7123
EmulOp 7123
EmulOp 7123
EmulOp 7123
EmulOp 7123
EmulOp 7123
EmulOp 7123
EmulOp 7123
EmulOp 7123
EmulOp 7123
EmulOp 7123
EmulOp 7123
EmulOp 7123
EmulOp 7123
EmulOp 7123
EmulOp 7123
EmulOp 7123
EmulOp 7123
EmulOp 7123
EmulOp 7123
EmulOp 7123
EmulOp 7123
EmulOp 7123
EmulOp 7123
EmulOp 7123
EmulOp 7123
EmulOp 7123
EmulOp 7123
EmulOp 7123
EmulOp 7123
EmulOp 7123
EmulOp 7123
EmulOp 7123
EmulOp 7123
EmulOp 7123
EmulOp 7123
EmulOp 7123
EmulOp 7123
EmulOp 7123
EmulOp 7123
EmulOp 7123
EmulOp 7123
EmulOp 7123
EmulOp 7123
EmulOp 7123
EmulOp 7123
EmulOp 7123
EmulOp 7123
EmulOp 7123
EmulOp 7123
EmulOp 7123
EmulOp 7123
EmulOp 7123
EmulOp 7123
EmulOp 7123
EmulOp 7123
EmulOp 7123
EmulOp 7123
EmulOp 7123
EmulOp 7123
EmulOp 7123
EmulOp 7123
EmulOp 7123
EmulOp 7123
EmulOp 7123
EmulOp 7123
EmulOp 7123
EmulOp 7123
EmulOp 7123
EmulOp 7123
EmulOp 7123
EmulOp 7123
EmulOp 7123
EmulOp 7123
EmulOp 7123
EmulOp 7123
EmulOp 7123
EmulOp 7123
EmulOp 7123
EmulOp 7123
EmulOp 7123
EmulOp 7123
EmulOp 7123
EmulOp 7123
EmulOp 7123
EmulOp 7123
EmulOp 7123
EmulOp 7123
EmulOp 7123
EmulOp 7123
EmulOp 7123
EmulOp 7123
EmulOp 7123
EmulOp 7123
EmulOp 7123
EmulOp 7123
EmulOp 7123
EmulOp 7123
EmulOp 7123
EmulOp 7123
EmulOp 7123
EmulOp 7123
EmulOp 7123
EmulOp 7123
EmulOp 7123
EmulOp 7123
EmulOp 7123
EmulOp 7123
EmulOp 7123
EmulOp 7123
EmulOp 7123
EmulOp 7123
EmulOp 7123
EmulOp 7123
EmulOp 7123
EmulOp 7123
EmulOp 7123
EmulOp 7123
EmulOp 7123
EmulOp 7123
EmulOp 7123
EmulOp 7123
EmulOp 7123
EmulOp 7123
EmulOp 7123
EmulOp 7123
EmulOp 7123
EmulOp 7123
EmulOp 7123
EmulOp 7123
EmulOp 7123
EmulOp 7123
EmulOp 7123
EmulOp 7123
EmulOp 7123
EmulOp 7123
EmulOp 7123
EmulOp 7123
EmulOp 7123
EmulOp 7123
EmulOp 7123
EmulOp 7123
EmulOp 7123
EmulOp 7123
EmulOp 7123
EmulOp 7123
EmulOp 7123
EmulOp 7123
EmulOp 7123
EmulOp 7123
EmulOp 7123
EmulOp 7123
EmulOp 7123
EmulOp 7123
EmulOp 7123
EmulOp 7123
EmulOp 7123
EmulOp 7123
EmulOp 7123
EmulOp 7123
EmulOp 7123
EmulOp 7123
EmulOp 7123
EmulOp 7123
EmulOp 7123
EmulOp 7123
EmulOp 7123
EmulOp 7123
EmulOp 7123
EmulOp 7123
EmulOp 7123
EmulOp 7123
EmulOp 7123
EmulOp 7123
EmulOp 7123
EmulOp 7123
EmulOp 7123
EmulOp 7123
EmulOp 7123
EmulOp 7123
EmulOp 7123
EmulOp 7123
EmulOp 7123
EmulOp 7123
EmulOp 7123
EmulOp 7123
EmulOp 7123
EmulOp 7123
EmulOp 7123
EmulOp 7123
EmulOp 7123
EmulOp 7123
EmulOp 7123
EmulOp 7123
EmulOp 7123
EmulOp 7123
EmulOp 7123
EmulOp 7123
EmulOp 7123
EmulOp 7123
EmulOp 7123
EmulOp 7123
EmulOp 7123
EmulOp 7123
EmulOp 7123
EmulOp 7123
EmulOp 7123
EmulOp 7123
EmulOp 7123
EmulOp 7123
EmulOp 7123
EmulOp 7123
EmulOp 7123
EmulOp 7123
EmulOp 7123
EmulOp 7123
EmulOp 7123
EmulOp 7123
EmulOp 7123
EmulOp 7123
EmulOp 7123
EmulOp 7123
EmulOp 7123
EmulOp 7123
EmulOp 7123
EmulOp 7123
EmulOp 7123
EmulOp 7123
EmulOp 7123
EmulOp 7123
EmulOp 7123
EmulOp 7123
EmulOp 7123
EmulOp 7123
EmulOp 7123
EmulOp 7123
EmulOp 7123
EmulOp 7123
EmulOp 7123
EmulOp 7123
EmulOp 7123
EmulOp 7123
EmulOp 7123
EmulOp 7123
EmulOp 7123
EmulOp 7123
EmulOp 7123
EmulOp 7123
EmulOp 7123
Emul
[Timeout: 2 seconds elapsed, exiting]
Op 7123
EmulOp 7123
EmulOp 7123
EmulOp 7123
EmulOp 7123
EmulOp 7123
EmulOp 7123
EmulOp 7123
EmulOp 7123
EmulOp 7123
EmulOp 7123
EmulOp 7123
EmulOp 7123
EmulOp 7123
EmulOp 7123
EmulOp 7123
EmulOp 7123
EmulOp 7123
EmulOp 7123
EmulOp 7123
EmulOp 7123
EmulOp 7123
EmulOp 7123
EmulOp 7123
EmulOp 7123
EmulOp 7123
EmulOp 7123
EmulOp 7123
EmulOp 7123
EmulOp 7123
EmulOp 7123
EmulOp 7123
EmulOp 7123
EmulOp 7123
EmulOp 7123
EmulOp 7123
EmulOp 7123
EmulOp 7123
EmulOp 7123
EmulOp 7123
EmulOp 7123
EmulOp 7123
EmulOp 7123
EmulOp 7123
EmulOp 7123
EmulOp 7123
EmulOp 7123
EmulOp 7123
EmulOp 7123
EmulOp 7123
EmulOp 7123
EmulOp 7123
EmulOp 7123
EmulOp 7123
EmulOp 7123
EmulOp 7123
EmulOp 7123
EmulOp 7123
EmulOp 7123
EmulOp 7123
EmulOp 7123
EmulOp 7123
EmulOp 7123
EmulOp 7123
EmulOp 7123
EmulOp 7123
EmulOp 7123
EmulOp 7123
EmulOp 7123
EmulOp 7123
EmulOp 7123
EmulOp 7123
EmulOp 7123
EmulOp 7123
EmulOp 7123
EmulOp 7123
EmulOp 7123
EmulOp 7123
EmulOp 7123
EmulOp 7123
EmulOp 7123
EmulOp 7123
EmulOp 7123
EmulOp 7123
EmulOp 7123
EmulOp 7123
EmulOp 7123
EmulOp 7123
EmulOp 7123
EmulOp 7123
EmulOp 7123
EmulOp 7123
EmulOp 7123
EmulOp 7123
EmulOp 7123
EmulOp 7123
EmulOp 7123
EmulOp 7123
EmulOp 7123
EmulOp 7123
EmulOp 7123
EmulOp 7123
EmulOp 7123
EmulOp 7123
EmulOp 7123
EmulOp 7123
EmulOp 7123
EmulOp 7123
EmulOp 7123
EmulOp 7123
EmulOp 7123
EmulOp 7123
EmulOp 7123
EmulOp 7123
EmulOp 7123
EmulOp 7123
EmulOp 7123
EmulOp 7123
EmulOp 7123
EmulOp 7123
EmulOp 7123
EmulOp 7123
EmulOp 7123
EmulOp 7123
EmulOp 7123
EmulOp 7123
EmulOp 7123
EmulOp 7123
EmulOp 7123
EmulOp 7123
EmulOp 7123
EmulOp 7123
EmulOp 7123
EmulOp 7123
EmulOp 712c
EmulOp 712c
EmulOp 7104
Read XPRAM 82->00
EmulOp 7104
Write XPRAM 01<-ff
EmulOp 7104
Write XPRAM 01<-ff
EmulOp 7104
Write XPRAM 01<-ff
EmulOp 7104
Write XPRAM 01<-ff
EmulOp 7104
Write XPRAM 01<-ff
EmulOp 7104
RTC write op 13, d1 00000035 d2 ffffffd5
EmulOp 7124
EmulOp 7126
EmulOp 7104
Read XPRAM 82->00
EmulOp 7104
Write XPRAM 01<-ff
EmulOp 7104
Write XPRAM 01<-ff
EmulOp 7104
Write XPRAM 01<-ff
EmulOp 7104
Write XPRAM 01<-ff
EmulOp 7104
Write XPRAM 01<-ff
EmulOp 7104
RTC write op 13, d1 00000035 d2 ffffffd5
EmulOp 712c
EmulOp 712c
EmulOp 7104
Read XPRAM 78->ff
EmulOp 7104
Write XPRAM 01<-08
EmulOp 7104
Write XPRAM 01<-02
EmulOp 7104
Write XPRAM 01<-04
EmulOp 7104
RTC write op 13, d1 00000035 d2 ffffffd5
EmulOp 7104
Read XPRAM 76->00
EmulOp 7104
Write XPRAM 01<-04
EmulOp 7104
RTC write op 13, d1 00000035 d2 ffffffd5
EmulOp 7128
EmulOp 7128
EmulOp 7128
EmulOp 7128
EmulOp 7128
EmulOp 7128
EmulOp 7128
EmulOp 7128
EmulOp 7128
EmulOp 7128
EmulOp 7128
EmulOp 7128
EmulOp 7128
EmulOp 7128
EmulOp 7104
Read XPRAM 01->04
EmulOp 7104
RTC write op 13, d1 00000035 d2 ffffffd5
EmulOp 7104
Read XPRAM 01->04
EmulOp 7104
RTC write op 13, d1 00000035 d2 ffffffd5
EmulOp 7104
Read XPRAM 01->04
EmulOp 7104
RTC write op 13, d1 00000035 d2 ffffffd5
EmulOp 7104
Read XPRAM 01->04
EmulOp 7104
RTC write op 13, d1 00000035 d2 ffffffd5
EmulOp 7104
RTC write op 13, d1 00000035 d2 00000055
EmulOp 7104
RTC write op 13, d1 00000035 d2 ffffffd5
EmulOp 7128
EmulOp 7128
